<?xml version="1.0" encoding="UTF-8"?>
<testsuites name="Test Suite_DN" time="315.511" tests="5" failures="0" errors="0">
   <testsuite name="Test Suite_DN" tests="5" failures="0" errors="0" time="315.511" skipped="0" timestamp="2021-10-05 08:19:09" hostname="Trang Nina - DESKTOP-999C2HD" id="Test Suites/Test Suite_DN">
      <properties>
         <property name="deviceName" value=""/>
         <property name="devicePlatform" value=""/>
         <property name="logFolder" value="C:\\Users\\Trang fuji\\git\\Demo_Git\\Reports\\20211005_081753\\Test Suite_DN\\20211005_081838"/>
         <property name="logFiles" value="C:\\Users\\Trang fuji\\git\\Demo_Git\\Reports\\20211005_081753\\Test Suite_DN\\20211005_081838\\execution0.log"/>
         <property name="attachments" value=""/>
         <property name="hostName" value="Trang Nina - DESKTOP-999C2HD"/>
         <property name="os" value="Windows 10 64bit"/>
         <property name="katalonVersion" value="8.1.0.208"/>
         <property name="browser" value="Chrome 94.0.4606.71"/>
         <property name="hostAddress" value="192.168.1.13"/>
         <property name="sessionId" value="97c33b1f65d7034311854aaa78442517"/>
         <property name="seleniumVersion" value="3.141.59"/>
         <property name="proxyInformation" value="ProxyInformation { proxyOption=NO_PROXY, proxyServerType=HTTP, username=, password=********, proxyServerAddress=, proxyServerPort=0, executionList=&quot;&quot;, isApplyToDesiredCapabilities=true }"/>
         <property name="platform" value="Windows 10"/>
      </properties>
      <testcase name="Test Cases/DN/DN_1" time="122.553" classname="Test Cases/DN/DN_1" status="PASSED">
         <system-out><![CDATA[2021-10-05 08:19:10 - [TEST_CASE][PASSED] - Test Cases/DN/DN_1: Test Cases/DN/DN_1

2021-10-05 08:19:11 - [TEST_STEP][PASSED] - openBrowser(""): Browser is opened with url: ''

2021-10-05 08:19:12 - [MESSAGE][INFO] - Starting 'Chrome' driver

2021-10-05 08:19:12 - [MESSAGE][INFO] - User set preference: ['arg', '[--disable-gpu]']

2021-10-05 08:19:12 - [MESSAGE][INFO] - Action delay is set to 0 milliseconds

2021-10-05 08:20:47 - [MESSAGE][PASSED] - Browser is opened with url: ''

2021-10-05 08:20:47 - [TEST_STEP][PASSED] - navigateToUrl("http://live.techpanda.org/index.php/customer/account/login/"): Navigate to 'http://live.techpanda.org/index.php/customer/account/login/' successfully

2021-10-05 08:20:58 - [MESSAGE][PASSED] - Navigate to 'http://live.techpanda.org/index.php/customer/account/login/' successfully

2021-10-05 08:20:58 - [TEST_STEP][PASSED] - setText(findTestObject("Object Repository/Page_Customer Login/input__loginusername"), user): Text 'hanh82643@gmail.com' is set on object 'Object Repository/Page_Customer Login/input__loginusername'

2021-10-05 08:21:04 - [MESSAGE][PASSED] - Text 'hanh82643@gmail.com' is set on object 'Object Repository/Page_Customer Login/input__loginusername'

2021-10-05 08:21:04 - [TEST_STEP][PASSED] - setText(findTestObject("Object Repository/Page_Customer Login/input__loginpassword"), pass): Text 'honghanh28' is set on object 'Object Repository/Page_Customer Login/input__loginpassword'

2021-10-05 08:21:06 - [MESSAGE][PASSED] - Text 'honghanh28' is set on object 'Object Repository/Page_Customer Login/input__loginpassword'

2021-10-05 08:21:06 - [TEST_STEP][PASSED] - click(findTestObject("Object Repository/Page_Customer Login/button_Login")): Object: 'Object Repository/Page_Customer Login/button_Login' is clicked on

2021-10-05 08:21:10 - [MESSAGE][PASSED] - Object: 'Object Repository/Page_Customer Login/button_Login' is clicked on

2021-10-05 08:21:10 - [TEST_STEP][PASSED] - verifyElementText(findTestObject("Object Repository/Page_My Account/strong_Hello, Hnh Trng"), "Hello, Hạnh Trương!"): Actual text and expected text of test object 'Object Repository/Page_My Account/strong_Hello, Hnh Trng' are matched.

2021-10-05 08:21:12 - [MESSAGE][PASSED] - Actual text and expected text of test object 'Object Repository/Page_My Account/strong_Hello, Hnh Trng' are matched.]]></system-out>
         <system-err><![CDATA[]]></system-err>
      </testcase>
      <testcase name="Test Cases/DN/DN_2" time="33.228" classname="Test Cases/DN/DN_2" status="PASSED">
         <system-out><![CDATA[2021-10-05 08:21:13 - [TEST_CASE][PASSED] - Test Cases/DN/DN_2: Test Cases/DN/DN_2

2021-10-05 08:21:16 - [TEST_STEP][PASSED] - openBrowser(""): Browser is opened with url: ''

2021-10-05 08:21:16 - [MESSAGE][WARNING] - A browser is already opened. Closing browser and opening a new one

2021-10-05 08:21:22 - [MESSAGE][INFO] - Starting 'Chrome' driver

2021-10-05 08:21:22 - [MESSAGE][INFO] - User set preference: ['arg', '[--disable-gpu]']

2021-10-05 08:21:22 - [MESSAGE][INFO] - Action delay is set to 0 milliseconds

2021-10-05 08:21:34 - [MESSAGE][PASSED] - Browser is opened with url: ''

2021-10-05 08:21:34 - [TEST_STEP][PASSED] - navigateToUrl("http://live.techpanda.org/index.php/customer/account/login/"): Navigate to 'http://live.techpanda.org/index.php/customer/account/login/' successfully

2021-10-05 08:21:40 - [MESSAGE][PASSED] - Navigate to 'http://live.techpanda.org/index.php/customer/account/login/' successfully

2021-10-05 08:21:40 - [TEST_STEP][PASSED] - setText(findTestObject("Object Repository/Page_Customer Login/input__loginusername"), user): Text 'truonghonghanh2808@gmail.com' is set on object 'Object Repository/Page_Customer Login/input__loginusername'

2021-10-05 08:21:42 - [MESSAGE][PASSED] - Text 'truonghonghanh2808@gmail.com' is set on object 'Object Repository/Page_Customer Login/input__loginusername'

2021-10-05 08:21:42 - [TEST_STEP][PASSED] - setText(findTestObject("Object Repository/Page_Customer Login/input__loginpassword"), pass): Text '1234567' is set on object 'Object Repository/Page_Customer Login/input__loginpassword'

2021-10-05 08:21:43 - [MESSAGE][PASSED] - Text '1234567' is set on object 'Object Repository/Page_Customer Login/input__loginpassword'

2021-10-05 08:21:43 - [TEST_STEP][PASSED] - click(findTestObject("Object Repository/Page_Customer Login/button_Login")): Object: 'Object Repository/Page_Customer Login/button_Login' is clicked on

2021-10-05 08:21:45 - [MESSAGE][PASSED] - Object: 'Object Repository/Page_Customer Login/button_Login' is clicked on

2021-10-05 08:21:45 - [TEST_STEP][PASSED] - verifyElementText(findTestObject("Object Repository/Page_Customer Login/span_Invalid login or password"), "Invalid login or password."): Actual text and expected text of test object 'Object Repository/Page_Customer Login/span_Invalid login or password' are matched.

2021-10-05 08:21:46 - [MESSAGE][PASSED] - Actual text and expected text of test object 'Object Repository/Page_Customer Login/span_Invalid login or password' are matched.]]></system-out>
         <system-err><![CDATA[]]></system-err>
      </testcase>
      <testcase name="Test Cases/DN/DN_3" time="61.031" classname="Test Cases/DN/DN_3" status="PASSED">
         <system-out><![CDATA[2021-10-05 08:21:46 - [TEST_CASE][PASSED] - Test Cases/DN/DN_3: Test Cases/DN/DN_3

2021-10-05 08:21:46 - [TEST_STEP][PASSED] - openBrowser(""): Browser is opened with url: ''

2021-10-05 08:21:46 - [MESSAGE][WARNING] - A browser is already opened. Closing browser and opening a new one

2021-10-05 08:21:48 - [MESSAGE][INFO] - Starting 'Chrome' driver

2021-10-05 08:21:48 - [MESSAGE][INFO] - User set preference: ['arg', '[--disable-gpu]']

2021-10-05 08:21:48 - [MESSAGE][INFO] - Action delay is set to 0 milliseconds

2021-10-05 08:21:54 - [MESSAGE][PASSED] - Browser is opened with url: ''

2021-10-05 08:21:54 - [TEST_STEP][PASSED] - navigateToUrl("http://live.techpanda.org/index.php/customer/account/login/"): Navigate to 'http://live.techpanda.org/index.php/customer/account/login/' successfully

2021-10-05 08:22:11 - [MESSAGE][PASSED] - Navigate to 'http://live.techpanda.org/index.php/customer/account/login/' successfully

2021-10-05 08:22:11 - [TEST_STEP][PASSED] - setText(findTestObject("Object Repository/Page_Customer Login/input__loginusername"), user): Text 'truonghonghanh2808@gmail.com' is set on object 'Object Repository/Page_Customer Login/input__loginusername'

2021-10-05 08:22:13 - [MESSAGE][PASSED] - Text 'truonghonghanh2808@gmail.com' is set on object 'Object Repository/Page_Customer Login/input__loginusername'

2021-10-05 08:22:13 - [TEST_STEP][PASSED] - setText(findTestObject("Object Repository/Page_Customer Login/input__loginpassword"), pass): Text '' is set on object 'Object Repository/Page_Customer Login/input__loginpassword'

2021-10-05 08:22:14 - [MESSAGE][PASSED] - Text '' is set on object 'Object Repository/Page_Customer Login/input__loginpassword'

2021-10-05 08:22:14 - [TEST_STEP][PASSED] - click(findTestObject("Object Repository/Page_Customer Login/button_Login")): Object: 'Object Repository/Page_Customer Login/button_Login' is clicked on

2021-10-05 08:22:15 - [MESSAGE][PASSED] - Object: 'Object Repository/Page_Customer Login/button_Login' is clicked on

2021-10-05 08:22:15 - [TEST_STEP][PASSED] - verifyElementText(findTestObject("Page_Customer Login/div_This is a required field"), "This is a required field."): Actual text and expected text of test object 'Object Repository/Page_Customer Login/div_This is a required field' are matched.

2021-10-05 08:22:46 - [MESSAGE][INFO] - Unable to find the element located by 'By.xpath: //div[@id='advice-required-entry-email']'. Please recheck the objects properties to make sure the desired element is located. 

2021-10-05 08:22:46 - [MESSAGE][WARNING] - [SELF-HEALING] Failed to find element with id 'Object Repository/Page_Customer Login/div_This is a required field'. Try using Self-healing.

2021-10-05 08:22:47 - [MESSAGE][WARNING] - [SELF-HEALING] The current locator of test object 'Object Repository/Page_Customer Login/div_This is a required field' was broken. Propose an alternative one: '//form[@id='login-form']/div/div[2]/div/ul/li/div/div'.

2021-10-05 08:22:47 - [MESSAGE][PASSED] - Actual text and expected text of test object 'Object Repository/Page_Customer Login/div_This is a required field' are matched.]]></system-out>
         <system-err><![CDATA[]]></system-err>
      </testcase>
      <testcase name="Test Cases/DN/DN_4" time="33.414" classname="Test Cases/DN/DN_4" status="PASSED">
         <system-out><![CDATA[2021-10-05 08:22:47 - [TEST_CASE][PASSED] - Test Cases/DN/DN_4: Test Cases/DN/DN_4

2021-10-05 08:22:47 - [TEST_STEP][PASSED] - openBrowser(""): Browser is opened with url: ''

2021-10-05 08:22:47 - [MESSAGE][WARNING] - A browser is already opened. Closing browser and opening a new one

2021-10-05 08:22:48 - [MESSAGE][INFO] - Starting 'Chrome' driver

2021-10-05 08:22:48 - [MESSAGE][INFO] - User set preference: ['arg', '[--disable-gpu]']

2021-10-05 08:22:48 - [MESSAGE][INFO] - Action delay is set to 0 milliseconds

2021-10-05 08:23:06 - [MESSAGE][PASSED] - Browser is opened with url: ''

2021-10-05 08:23:06 - [TEST_STEP][PASSED] - navigateToUrl("http://live.techpanda.org/index.php/customer/account/login/"): Navigate to 'http://live.techpanda.org/index.php/customer/account/login/' successfully

2021-10-05 08:23:15 - [MESSAGE][PASSED] - Navigate to 'http://live.techpanda.org/index.php/customer/account/login/' successfully

2021-10-05 08:23:15 - [TEST_STEP][PASSED] - setText(findTestObject("Object Repository/Page_Customer Login/input__loginusername"), user): Text '' is set on object 'Object Repository/Page_Customer Login/input__loginusername'

2021-10-05 08:23:18 - [MESSAGE][PASSED] - Text '' is set on object 'Object Repository/Page_Customer Login/input__loginusername'

2021-10-05 08:23:18 - [TEST_STEP][PASSED] - setText(findTestObject("Object Repository/Page_Customer Login/input__loginpassword"), pass): Text '' is set on object 'Object Repository/Page_Customer Login/input__loginpassword'

2021-10-05 08:23:18 - [MESSAGE][PASSED] - Text '' is set on object 'Object Repository/Page_Customer Login/input__loginpassword'

2021-10-05 08:23:18 - [TEST_STEP][PASSED] - click(findTestObject("Object Repository/Page_Customer Login/button_Login")): Object: 'Object Repository/Page_Customer Login/button_Login' is clicked on

2021-10-05 08:23:20 - [MESSAGE][PASSED] - Object: 'Object Repository/Page_Customer Login/button_Login' is clicked on

2021-10-05 08:23:20 - [TEST_STEP][PASSED] - verifyElementText(findTestObject("Page_Customer Login/div_This is a required field"), "This is a required field."): Actual text and expected text of test object 'Object Repository/Page_Customer Login/div_This is a required field' are matched.

2021-10-05 08:23:20 - [MESSAGE][PASSED] - Actual text and expected text of test object 'Object Repository/Page_Customer Login/div_This is a required field' are matched.]]></system-out>
         <system-err><![CDATA[]]></system-err>
      </testcase>
      <testcase name="Test Cases/DN/DN_5" time="49.419" classname="Test Cases/DN/DN_5" status="PASSED">
         <system-out><![CDATA[2021-10-05 08:23:20 - [TEST_CASE][PASSED] - Test Cases/DN/DN_5: Test Cases/DN/DN_5

2021-10-05 08:23:21 - [TEST_STEP][PASSED] - openBrowser(""): Browser is opened with url: ''

2021-10-05 08:23:21 - [MESSAGE][WARNING] - A browser is already opened. Closing browser and opening a new one

2021-10-05 08:23:23 - [MESSAGE][INFO] - Starting 'Chrome' driver

2021-10-05 08:23:23 - [MESSAGE][INFO] - User set preference: ['arg', '[--disable-gpu]']

2021-10-05 08:23:23 - [MESSAGE][INFO] - Action delay is set to 0 milliseconds

2021-10-05 08:23:29 - [MESSAGE][PASSED] - Browser is opened with url: ''

2021-10-05 08:23:29 - [TEST_STEP][PASSED] - navigateToUrl("http://live.techpanda.org/index.php/customer/account/login/"): Navigate to 'http://live.techpanda.org/index.php/customer/account/login/' successfully

2021-10-05 08:23:35 - [MESSAGE][PASSED] - Navigate to 'http://live.techpanda.org/index.php/customer/account/login/' successfully

2021-10-05 08:23:35 - [TEST_STEP][PASSED] - setText(findTestObject("Object Repository/Page_Customer Login/input__loginusername"), user): Text 'hanh123@gmail.com' is set on object 'Object Repository/Page_Customer Login/input__loginusername'

2021-10-05 08:23:36 - [MESSAGE][PASSED] - Text 'hanh123@gmail.com' is set on object 'Object Repository/Page_Customer Login/input__loginusername'

2021-10-05 08:23:36 - [TEST_STEP][PASSED] - setText(findTestObject("Object Repository/Page_Customer Login/input__loginpassword"), pass): Text '' is set on object 'Object Repository/Page_Customer Login/input__loginpassword'

2021-10-05 08:23:37 - [MESSAGE][PASSED] - Text '' is set on object 'Object Repository/Page_Customer Login/input__loginpassword'

2021-10-05 08:23:37 - [TEST_STEP][PASSED] - click(findTestObject("Object Repository/Page_Customer Login/button_Login")): Object: 'Object Repository/Page_Customer Login/button_Login' is clicked on

2021-10-05 08:23:38 - [MESSAGE][PASSED] - Object: 'Object Repository/Page_Customer Login/button_Login' is clicked on

2021-10-05 08:23:38 - [TEST_STEP][PASSED] - verifyElementText(findTestObject("Page_Customer Login/div_This is a required field"), "This is a required field."): Actual text and expected text of test object 'Object Repository/Page_Customer Login/div_This is a required field' are matched.

2021-10-05 08:24:09 - [MESSAGE][INFO] - Unable to find the element located by 'By.xpath: //div[@id='advice-required-entry-email']'. Please recheck the objects properties to make sure the desired element is located. 

2021-10-05 08:24:09 - [MESSAGE][WARNING] - [SELF-HEALING] Failed to find element with id 'Object Repository/Page_Customer Login/div_This is a required field'. Try using Self-healing.

2021-10-05 08:24:09 - [MESSAGE][WARNING] - [SELF-HEALING] The current locator of test object 'Object Repository/Page_Customer Login/div_This is a required field' was broken. Propose an alternative one: '//form[@id='login-form']/div/div[2]/div/ul/li/div/div'.

2021-10-05 08:24:10 - [MESSAGE][PASSED] - Actual text and expected text of test object 'Object Repository/Page_Customer Login/div_This is a required field' are matched.]]></system-out>
         <system-err><![CDATA[]]></system-err>
      </testcase>
      <system-out><![CDATA[2021-10-05 08:19:09 - [TEST_SUITE][PASSED] - Test Suite_DN: Test Cases/DN/DN_5]]></system-out>
      <system-err><![CDATA[]]></system-err>
   </testsuite>
</testsuites>
