<?xml version="1.0" encoding="UTF-8"?>
<testsuites name="Test Suite_DN" time="448.733" tests="5" failures="0" errors="0">
   <testsuite name="Test Suite_DN" tests="5" failures="0" errors="0" time="448.733" skipped="0" timestamp="2021-10-05 16:06:39" hostname="Trang Nina - DESKTOP-999C2HD" id="Test Suites/Test Suite_DN">
      <properties>
         <property name="deviceName" value=""/>
         <property name="devicePlatform" value=""/>
         <property name="logFolder" value="C:\\Users\\Trang fuji\\git\\Demo_Git\\Reports\\20211005_160436\\Test Suite_DN\\20211005_160623"/>
         <property name="logFiles" value="C:\\Users\\Trang fuji\\git\\Demo_Git\\Reports\\20211005_160436\\Test Suite_DN\\20211005_160623\\execution0.log"/>
         <property name="attachments" value=""/>
         <property name="hostName" value="Trang Nina - DESKTOP-999C2HD"/>
         <property name="os" value="Windows 10 64bit"/>
         <property name="katalonVersion" value="8.1.0.208"/>
         <property name="browser" value="Chrome 94.0.4606.71"/>
         <property name="hostAddress" value="192.168.1.13"/>
         <property name="sessionId" value="06723071bc58c4124f3e6c0515a7dec4"/>
         <property name="seleniumVersion" value="3.141.59"/>
         <property name="proxyInformation" value="ProxyInformation { proxyOption=NO_PROXY, proxyServerType=HTTP, username=, password=********, proxyServerAddress=, proxyServerPort=0, executionList=&quot;&quot;, isApplyToDesiredCapabilities=true }"/>
         <property name="platform" value="Windows 10"/>
      </properties>
      <testcase name="Test Cases/DN/DN_1" time="104.809" classname="Test Cases/DN/DN_1" status="PASSED">
         <system-out><![CDATA[2021-10-05 16:06:39 - [TEST_CASE][PASSED] - Test Cases/DN/DN_1: Test Cases/DN/DN_1

2021-10-05 16:06:40 - [TEST_STEP][PASSED] - openBrowser(""): Browser is opened with url: ''

2021-10-05 16:06:42 - [MESSAGE][INFO] - Starting 'Chrome' driver

2021-10-05 16:06:42 - [MESSAGE][INFO] - User set preference: ['arg', '[--disable-gpu]']

2021-10-05 16:06:43 - [MESSAGE][INFO] - Action delay is set to 0 milliseconds

2021-10-05 16:07:51 - [MESSAGE][PASSED] - Browser is opened with url: ''

2021-10-05 16:07:51 - [TEST_STEP][PASSED] - navigateToUrl("http://live.techpanda.org/index.php/customer/account/login/"): Navigate to 'http://live.techpanda.org/index.php/customer/account/login/' successfully

2021-10-05 16:08:09 - [MESSAGE][PASSED] - Navigate to 'http://live.techpanda.org/index.php/customer/account/login/' successfully

2021-10-05 16:08:09 - [TEST_STEP][PASSED] - setText(findTestObject("Object Repository/Page_Customer Login/input__loginusername"), user): Text 'hanh82643@gmail.com' is set on object 'Object Repository/Page_Customer Login/input__loginusername'

2021-10-05 16:08:15 - [MESSAGE][PASSED] - Text 'hanh82643@gmail.com' is set on object 'Object Repository/Page_Customer Login/input__loginusername'

2021-10-05 16:08:15 - [TEST_STEP][PASSED] - setText(findTestObject("Object Repository/Page_Customer Login/input__loginpassword"), pass): Text 'honghanh28' is set on object 'Object Repository/Page_Customer Login/input__loginpassword'

2021-10-05 16:08:16 - [MESSAGE][PASSED] - Text 'honghanh28' is set on object 'Object Repository/Page_Customer Login/input__loginpassword'

2021-10-05 16:08:16 - [TEST_STEP][PASSED] - click(findTestObject("Object Repository/Page_Customer Login/button_Login")): Object: 'Object Repository/Page_Customer Login/button_Login' is clicked on

2021-10-05 16:08:20 - [MESSAGE][PASSED] - Object: 'Object Repository/Page_Customer Login/button_Login' is clicked on

2021-10-05 16:08:20 - [TEST_STEP][PASSED] - verifyElementText(findTestObject("Object Repository/Page_My Account/strong_Hello, Hnh Trng"), "Hello, Hạnh Trương!"): Actual text and expected text of test object 'Object Repository/Page_My Account/strong_Hello, Hnh Trng' are matched.

2021-10-05 16:08:24 - [MESSAGE][PASSED] - Actual text and expected text of test object 'Object Repository/Page_My Account/strong_Hello, Hnh Trng' are matched.]]></system-out>
         <system-err><![CDATA[]]></system-err>
      </testcase>
      <testcase name="Test Cases/DN/DN_2" time="101.323" classname="Test Cases/DN/DN_2" status="PASSED">
         <system-out><![CDATA[2021-10-05 16:08:24 - [TEST_CASE][PASSED] - Test Cases/DN/DN_2: Test Cases/DN/DN_2

2021-10-05 16:08:25 - [TEST_STEP][PASSED] - openBrowser(""): Browser is opened with url: ''

2021-10-05 16:08:25 - [MESSAGE][WARNING] - A browser is already opened. Closing browser and opening a new one

2021-10-05 16:08:43 - [MESSAGE][INFO] - Starting 'Chrome' driver

2021-10-05 16:08:43 - [MESSAGE][INFO] - User set preference: ['arg', '[--disable-gpu]']

2021-10-05 16:08:43 - [MESSAGE][INFO] - Action delay is set to 0 milliseconds

2021-10-05 16:09:42 - [MESSAGE][PASSED] - Browser is opened with url: ''

2021-10-05 16:09:42 - [TEST_STEP][PASSED] - navigateToUrl("http://live.techpanda.org/index.php/customer/account/login/"): Navigate to 'http://live.techpanda.org/index.php/customer/account/login/' successfully

2021-10-05 16:09:54 - [MESSAGE][PASSED] - Navigate to 'http://live.techpanda.org/index.php/customer/account/login/' successfully

2021-10-05 16:09:54 - [TEST_STEP][PASSED] - setText(findTestObject("Object Repository/Page_Customer Login/input__loginusername"), user): Text 'truonghonghanh2808@gmail.com' is set on object 'Object Repository/Page_Customer Login/input__loginusername'

2021-10-05 16:09:59 - [MESSAGE][PASSED] - Text 'truonghonghanh2808@gmail.com' is set on object 'Object Repository/Page_Customer Login/input__loginusername'

2021-10-05 16:09:59 - [TEST_STEP][PASSED] - setText(findTestObject("Object Repository/Page_Customer Login/input__loginpassword"), pass): Text '1234567' is set on object 'Object Repository/Page_Customer Login/input__loginpassword'

2021-10-05 16:10:00 - [MESSAGE][PASSED] - Text '1234567' is set on object 'Object Repository/Page_Customer Login/input__loginpassword'

2021-10-05 16:10:00 - [TEST_STEP][PASSED] - click(findTestObject("Object Repository/Page_Customer Login/button_Login")): Object: 'Object Repository/Page_Customer Login/button_Login' is clicked on

2021-10-05 16:10:03 - [MESSAGE][PASSED] - Object: 'Object Repository/Page_Customer Login/button_Login' is clicked on

2021-10-05 16:10:03 - [TEST_STEP][PASSED] - verifyElementText(findTestObject("Object Repository/Page_Customer Login/span_Invalid login or password"), "Invalid login or password."): Actual text and expected text of test object 'Object Repository/Page_Customer Login/span_Invalid login or password' are matched.

2021-10-05 16:10:05 - [MESSAGE][PASSED] - Actual text and expected text of test object 'Object Repository/Page_Customer Login/span_Invalid login or password' are matched.]]></system-out>
         <system-err><![CDATA[]]></system-err>
      </testcase>
      <testcase name="Test Cases/DN/DN_3" time="76.166" classname="Test Cases/DN/DN_3" status="PASSED">
         <system-out><![CDATA[2021-10-05 16:10:05 - [TEST_CASE][PASSED] - Test Cases/DN/DN_3: Test Cases/DN/DN_3

2021-10-05 16:10:06 - [TEST_STEP][PASSED] - openBrowser(""): Browser is opened with url: ''

2021-10-05 16:10:06 - [MESSAGE][WARNING] - A browser is already opened. Closing browser and opening a new one

2021-10-05 16:10:08 - [MESSAGE][INFO] - Starting 'Chrome' driver

2021-10-05 16:10:08 - [MESSAGE][INFO] - User set preference: ['arg', '[--disable-gpu]']

2021-10-05 16:10:08 - [MESSAGE][INFO] - Action delay is set to 0 milliseconds

2021-10-05 16:10:33 - [MESSAGE][PASSED] - Browser is opened with url: ''

2021-10-05 16:10:33 - [TEST_STEP][PASSED] - navigateToUrl("http://live.techpanda.org/index.php/customer/account/login/"): Navigate to 'http://live.techpanda.org/index.php/customer/account/login/' successfully

2021-10-05 16:10:41 - [MESSAGE][PASSED] - Navigate to 'http://live.techpanda.org/index.php/customer/account/login/' successfully

2021-10-05 16:10:41 - [TEST_STEP][PASSED] - setText(findTestObject("Object Repository/Page_Customer Login/input__loginusername"), user): Text 'truonghonghanh2808@gmail.com' is set on object 'Object Repository/Page_Customer Login/input__loginusername'

2021-10-05 16:10:44 - [MESSAGE][PASSED] - Text 'truonghonghanh2808@gmail.com' is set on object 'Object Repository/Page_Customer Login/input__loginusername'

2021-10-05 16:10:44 - [TEST_STEP][PASSED] - setText(findTestObject("Object Repository/Page_Customer Login/input__loginpassword"), pass): Text '' is set on object 'Object Repository/Page_Customer Login/input__loginpassword'

2021-10-05 16:10:45 - [MESSAGE][PASSED] - Text '' is set on object 'Object Repository/Page_Customer Login/input__loginpassword'

2021-10-05 16:10:45 - [TEST_STEP][PASSED] - click(findTestObject("Object Repository/Page_Customer Login/button_Login")): Object: 'Object Repository/Page_Customer Login/button_Login' is clicked on

2021-10-05 16:10:45 - [MESSAGE][PASSED] - Object: 'Object Repository/Page_Customer Login/button_Login' is clicked on

2021-10-05 16:10:45 - [TEST_STEP][PASSED] - verifyElementText(findTestObject("Page_Customer Login/div_This is a required field"), "This is a required field."): Actual text and expected text of test object 'Object Repository/Page_Customer Login/div_This is a required field' are matched.

2021-10-05 16:11:17 - [MESSAGE][INFO] - Unable to find the element located by 'By.xpath: //div[@id='advice-required-entry-email']'. Please recheck the objects properties to make sure the desired element is located. 

2021-10-05 16:11:17 - [MESSAGE][WARNING] - [SELF-HEALING] Failed to find element with id 'Object Repository/Page_Customer Login/div_This is a required field'. Try using Self-healing.

2021-10-05 16:11:17 - [MESSAGE][WARNING] - [SELF-HEALING] The current locator of test object 'Object Repository/Page_Customer Login/div_This is a required field' was broken. Propose an alternative one: '//form[@id='login-form']/div/div[2]/div/ul/li/div/div'.

2021-10-05 16:11:22 - [MESSAGE][PASSED] - Actual text and expected text of test object 'Object Repository/Page_Customer Login/div_This is a required field' are matched.]]></system-out>
         <system-err><![CDATA[]]></system-err>
      </testcase>
      <testcase name="Test Cases/DN/DN_4" time="47.227" classname="Test Cases/DN/DN_4" status="PASSED">
         <system-out><![CDATA[2021-10-05 16:11:22 - [TEST_CASE][PASSED] - Test Cases/DN/DN_4: Test Cases/DN/DN_4

2021-10-05 16:11:22 - [TEST_STEP][PASSED] - openBrowser(""): Browser is opened with url: ''

2021-10-05 16:11:22 - [MESSAGE][WARNING] - A browser is already opened. Closing browser and opening a new one

2021-10-05 16:11:30 - [MESSAGE][INFO] - Starting 'Chrome' driver

2021-10-05 16:11:30 - [MESSAGE][INFO] - User set preference: ['arg', '[--disable-gpu]']

2021-10-05 16:11:30 - [MESSAGE][INFO] - Action delay is set to 0 milliseconds

2021-10-05 16:11:52 - [MESSAGE][PASSED] - Browser is opened with url: ''

2021-10-05 16:11:52 - [TEST_STEP][PASSED] - navigateToUrl("http://live.techpanda.org/index.php/customer/account/login/"): Navigate to 'http://live.techpanda.org/index.php/customer/account/login/' successfully

2021-10-05 16:12:05 - [MESSAGE][PASSED] - Navigate to 'http://live.techpanda.org/index.php/customer/account/login/' successfully

2021-10-05 16:12:05 - [TEST_STEP][PASSED] - setText(findTestObject("Object Repository/Page_Customer Login/input__loginusername"), user): Text '' is set on object 'Object Repository/Page_Customer Login/input__loginusername'

2021-10-05 16:12:07 - [MESSAGE][PASSED] - Text '' is set on object 'Object Repository/Page_Customer Login/input__loginusername'

2021-10-05 16:12:07 - [TEST_STEP][PASSED] - setText(findTestObject("Object Repository/Page_Customer Login/input__loginpassword"), pass): Text '' is set on object 'Object Repository/Page_Customer Login/input__loginpassword'

2021-10-05 16:12:08 - [MESSAGE][PASSED] - Text '' is set on object 'Object Repository/Page_Customer Login/input__loginpassword'

2021-10-05 16:12:08 - [TEST_STEP][PASSED] - click(findTestObject("Object Repository/Page_Customer Login/button_Login")): Object: 'Object Repository/Page_Customer Login/button_Login' is clicked on

2021-10-05 16:12:09 - [MESSAGE][PASSED] - Object: 'Object Repository/Page_Customer Login/button_Login' is clicked on

2021-10-05 16:12:09 - [TEST_STEP][PASSED] - verifyElementText(findTestObject("Page_Customer Login/div_This is a required field"), "This is a required field."): Actual text and expected text of test object 'Object Repository/Page_Customer Login/div_This is a required field' are matched.

2021-10-05 16:12:09 - [MESSAGE][PASSED] - Actual text and expected text of test object 'Object Repository/Page_Customer Login/div_This is a required field' are matched.]]></system-out>
         <system-err><![CDATA[]]></system-err>
      </testcase>
      <testcase name="Test Cases/DN/DN_5" time="60.984" classname="Test Cases/DN/DN_5" status="PASSED">
         <system-out><![CDATA[2021-10-05 16:12:09 - [TEST_CASE][PASSED] - Test Cases/DN/DN_5: Test Cases/DN/DN_5

2021-10-05 16:12:10 - [TEST_STEP][PASSED] - openBrowser(""): Browser is opened with url: ''

2021-10-05 16:12:10 - [MESSAGE][WARNING] - A browser is already opened. Closing browser and opening a new one

2021-10-05 16:12:12 - [MESSAGE][INFO] - Starting 'Chrome' driver

2021-10-05 16:12:12 - [MESSAGE][INFO] - User set preference: ['arg', '[--disable-gpu]']

2021-10-05 16:12:12 - [MESSAGE][INFO] - Action delay is set to 0 milliseconds

2021-10-05 16:12:21 - [MESSAGE][PASSED] - Browser is opened with url: ''

2021-10-05 16:12:21 - [TEST_STEP][PASSED] - navigateToUrl("http://live.techpanda.org/index.php/customer/account/login/"): Navigate to 'http://live.techpanda.org/index.php/customer/account/login/' successfully

2021-10-05 16:12:27 - [MESSAGE][PASSED] - Navigate to 'http://live.techpanda.org/index.php/customer/account/login/' successfully

2021-10-05 16:12:27 - [TEST_STEP][PASSED] - setText(findTestObject("Object Repository/Page_Customer Login/input__loginusername"), user): Text 'hanh123@gmail.com' is set on object 'Object Repository/Page_Customer Login/input__loginusername'

2021-10-05 16:12:28 - [MESSAGE][PASSED] - Text 'hanh123@gmail.com' is set on object 'Object Repository/Page_Customer Login/input__loginusername'

2021-10-05 16:12:28 - [TEST_STEP][PASSED] - setText(findTestObject("Object Repository/Page_Customer Login/input__loginpassword"), pass): Text '' is set on object 'Object Repository/Page_Customer Login/input__loginpassword'

2021-10-05 16:12:29 - [MESSAGE][PASSED] - Text '' is set on object 'Object Repository/Page_Customer Login/input__loginpassword'

2021-10-05 16:12:29 - [TEST_STEP][PASSED] - click(findTestObject("Object Repository/Page_Customer Login/button_Login")): Object: 'Object Repository/Page_Customer Login/button_Login' is clicked on

2021-10-05 16:12:30 - [MESSAGE][PASSED] - Object: 'Object Repository/Page_Customer Login/button_Login' is clicked on

2021-10-05 16:12:30 - [TEST_STEP][PASSED] - verifyElementText(findTestObject("Page_Customer Login/div_This is a required field"), "This is a required field."): Actual text and expected text of test object 'Object Repository/Page_Customer Login/div_This is a required field' are matched.

2021-10-05 16:13:01 - [MESSAGE][INFO] - Unable to find the element located by 'By.xpath: //div[@id='advice-required-entry-email']'. Please recheck the objects properties to make sure the desired element is located. 

2021-10-05 16:13:01 - [MESSAGE][WARNING] - [SELF-HEALING] Failed to find element with id 'Object Repository/Page_Customer Login/div_This is a required field'. Try using Self-healing.

2021-10-05 16:13:01 - [MESSAGE][WARNING] - [SELF-HEALING] The current locator of test object 'Object Repository/Page_Customer Login/div_This is a required field' was broken. Propose an alternative one: '//form[@id='login-form']/div/div[2]/div/ul/li/div/div'.

2021-10-05 16:13:10 - [MESSAGE][PASSED] - Actual text and expected text of test object 'Object Repository/Page_Customer Login/div_This is a required field' are matched.]]></system-out>
         <system-err><![CDATA[]]></system-err>
      </testcase>
      <system-out><![CDATA[2021-10-05 16:06:39 - [TEST_SUITE][PASSED] - Test Suite_DN: Test Cases/DN/DN_5]]></system-out>
      <system-err><![CDATA[]]></system-err>
   </testsuite>
</testsuites>
